09:32:53 **** Incremental Build of configuration Debug for project Concurrency ****
make all 
Building file: ../pointers.cpp
Invoking: Cygwin C++ Compiler
g++ -O0 -g3 -Wall -c -fmessage-length=0 -std=c++11 -DWINDOWS -MMD -MP -MF"pointers.d" -MT"pointers.o" -o "pointers.o" "../pointers.cpp"
../pointers.cpp: In function 'int main()':
../pointers.cpp:109:7: warning: variable 'int_ptr' set but not used [-Wunused-but-set-variable]
  int* int_ptr;
       ^
In file included from ../pointers.h:11:0,
                 from ../pointers.cpp:8:
../Incls.h: At global scope:
../Incls.h:39:26: warning: 'const string currentDateTime()' defined but not used [-Wunused-function]
 static const std::string currentDateTime() {
                          ^
../Incls.h:51:13: warning: 'void sleepcp(int)' defined but not used [-Wunused-function]
 static void sleepcp(int milliseconds) // cross-platform sleep function
             ^
Finished building: ../pointers.cpp
 
Building target: Concurrency.exe
Invoking: Cygwin C++ Linker
g++  -o "Concurrency.exe"  ./Semaphores.o ./pointers.o   -lboost_system -lboost_thread
Finished building target: Concurrency.exe
 

09:33:00 Build Finished (took 6s.600ms)

